Wed 20 Mar 2024 08:17:40 PM UTC: 
 exercises.c | 7 +++++++
 1 file changed, 7 insertions(+)
 tests:  1|4
total_score: 10/70
979ff5e
Sat 23 Mar 2024 08:45:48 PM UTC: 
 exercises.c | 24 +++++++++++++++++++++---
 1 file changed, 21 insertions(+), 3 deletions(-)
 tests:  3|2
total_score: 40/70
a1f7a26
Sat 23 Mar 2024 08:50:00 PM UTC: 
 exercises.c | 31 +++++++++++++++++++++++++++++++
 1 file changed, 31 insertions(+)
In file included from test.c:5:
exercises.c: In function ‘parentesisBalanceados’:
exercises.c:127:29: error: suggest parentheses around ‘&&’ within ‘||’ [-Werror=parentheses]
  127 |         if(*elemento == '{' && cadena[i] == '}' ||
      |            ~~~~~~~~~~~~~~~~~^~~~~~~~~~~~~~~~~~~
exercises.c:129:28: error: suggest parentheses around ‘&&’ within ‘||’ [-Werror=parentheses]
  129 |           *elemento == '[' && cadena[i] == ']')
      |           ~~~~~~~~~~~~~~~~~^~~~~~~~~~~~~~~~~~~
cc1: all warnings being treated as errors
Compilation failed
fd77bfc
Sat 23 Mar 2024 08:51:27 PM UTC: 
 exercises.c | 11 ++---------
 1 file changed, 2 insertions(+), 9 deletions(-)
In file included from test.c:5:
exercises.c: In function ‘parentesisBalanceados’:
exercises.c:128:29: error: suggest parentheses around ‘&&’ within ‘||’ [-Werror=parentheses]
  128 |         if(*elemento == '{' && cadena[i] == '}' ||
      |            ~~~~~~~~~~~~~~~~~^~~~~~~~~~~~~~~~~~~
exercises.c:130:28: error: suggest parentheses around ‘&&’ within ‘||’ [-Werror=parentheses]
  130 |           *elemento == '[' && cadena[i] == ']')
      |           ~~~~~~~~~~~~~~~~~^~~~~~~~~~~~~~~~~~~
In file included from test.c:6:
arraylist.c: In function ‘create_list’:
arraylist.c:15:34: error: invalid application of ‘sizeof’ to incomplete type ‘List’
   15 |   List* L = (List*)malloc(sizeof(List));
      |                                  ^~~~
arraylist.c:16:4: error: invalid use of incomplete typedef ‘List’
   16 |   L->current = 0;
      |    ^~
arraylist.c:17:4: error: invalid use of incomplete typedef ‘List’
   17 |   L->size = 0;
      |    ^~
arraylist.c: In function ‘first’:
arraylist.c:22:7: error: invalid use of incomplete typedef ‘List’
   22 |   if(L->size == 0) {
      |       ^~
arraylist.c:25:4: error: invalid use of incomplete typedef ‘List’
   25 |   L->current = 0;
      |    ^~
arraylist.c:26:11: error: invalid use of incomplete typedef ‘List’
   26 |   return L->data[L->current];
      |           ^~
arraylist.c:26:19: error: invalid use of incomplete typedef ‘List’
   26 |   return L->data[L->current];
      |                   ^~
arraylist.c: In function ‘next’:
arraylist.c:30:7: error: invalid use of incomplete typedef ‘List’
   30 |   if(L->current < L->size - 1) {
      |       ^~
arraylist.c:30:20: error: invalid use of incomplete typedef ‘List’
   30 |   if(L->current < L->size - 1) {
      |                    ^~
arraylist.c:31:6: error: invalid use of incomplete typedef ‘List’
   31 |     L->current++;
      |      ^~
arraylist.c:32:13: error: invalid use of incomplete typedef ‘List’
   32 |     return L->data[L->current];
      |             ^~
arraylist.c:32:21: error: invalid use of incomplete typedef ‘List’
   32 |     return L->data[L->current];
      |                     ^~
arraylist.c: In function ‘pushFront’:
arraylist.c:38:7: error: invalid use of incomplete typedef ‘List’
   38 |   if(L->size == 0) {
      |       ^~
arraylist.c:39:6: error: invalid use of incomplete typedef ‘List’
   39 |     L->data[0] = dato;
      |      ^~
arraylist.c:40:6: error: invalid use of incomplete typedef ‘List’
   40 |     L->size++;
      |      ^~
arraylist.c:43:16: error: invalid use of incomplete typedef ‘List’
   43 |   for(int i = L->size; i > 0; i--) {
      |                ^~
arraylist.c:44:6: error: invalid use of incomplete typedef ‘List’
   44 |     L->data[i] = L->data[i - 1];
      |      ^~
arraylist.c:44:19: error: invalid use of incomplete typedef ‘List’
   44 |     L->data[i] = L->data[i - 1];
      |                   ^~
arraylist.c:46:4: error: invalid use of incomplete typedef ‘List’
   46 |   L->data[0] = dato;
      |    ^~
arraylist.c:47:4: error: invalid use of incomplete typedef ‘List’
   47 |   L->size++;
      |    ^~
arraylist.c: In function ‘pushBack’:
arraylist.c:51:4: error: invalid use of incomplete typedef ‘List’
   51 |   L->data[L->size] = dato;
      |    ^~
arraylist.c:51:12: error: invalid use of incomplete typedef ‘List’
   51 |   L->data[L->size] = dato;
      |            ^~
arraylist.c:52:4: error: invalid use of incomplete typedef ‘List’
   52 |   L->size++;
      |    ^~
arraylist.c: In function ‘pushCurrent’:
arraylist.c:56:7: error: invalid use of incomplete typedef ‘List’
   56 |   if(L->size == 0) {
      |       ^~
arraylist.c:57:6: error: invalid use of incomplete typedef ‘List’
   57 |     L->data[0] = dato;
      |      ^~
arraylist.c:58:6: error: invalid use of incomplete typedef ‘List’
   58 |     L->size++;
      |      ^~
arraylist.c:61:16: error: invalid use of incomplete typedef ‘List’
   61 |   for(int i = L->size; i > L->current; i--) {
      |                ^~
arraylist.c:61:29: error: invalid use of incomplete typedef ‘List’
   61 |   for(int i = L->size; i > L->current; i--) {
      |                             ^~
arraylist.c:62:6: error: invalid use of incomplete typedef ‘List’
   62 |     L->data[i] = L->data[i - 1];
      |      ^~
arraylist.c:62:19: error: invalid use of incomplete typedef ‘List’
   62 |     L->data[i] = L->data[i - 1];
      |                   ^~
arraylist.c:64:4: error: invalid use of incomplete typedef ‘List’
   64 |   L->data[L->current + 1] = dato;
      |    ^~
arraylist.c:64:12: error: invalid use of incomplete typedef ‘List’
   64 |   L->data[L->current + 1] = dato;
      |            ^~
arraylist.c:65:4: error: invalid use of incomplete typedef ‘List’
   65 |   L->size++;
      |    ^~
arraylist.c: In function ‘popFront’:
arraylist.c:69:7: error: invalid use of incomplete typedef ‘List’
   69 |   if(L->size == 0) {
      |       ^~
arraylist.c:72:17: error: invalid use of incomplete typedef ‘List’
   72 |   void* dato = L->data[0];
      |                 ^~
arraylist.c:73:23: error: invalid use of incomplete typedef ‘List’
   73 |   for(int i = 0; i < L->size - 1; i++) {
      |                       ^~
arraylist.c:74:6: error: invalid use of incomplete typedef ‘List’
   74 |     L->data[i] = L->data[i + 1];
      |      ^~
arraylist.c:74:19: error: invalid use of incomplete typedef ‘List’
   74 |     L->data[i] = L->data[i + 1];
      |                   ^~
arraylist.c:76:4: error: invalid use of incomplete typedef ‘List’
   76 |   L->size--;
      |    ^~
arraylist.c: In function ‘popBack’:
arraylist.c:81:7: error: invalid use of incomplete typedef ‘List’
   81 |   if(L->size == 0) {
      |       ^~
arraylist.c:84:17: error: invalid use of incomplete typedef ‘List’
   84 |   void* dato = L->data[L->size - 1];
      |                 ^~
arraylist.c:84:25: error: invalid use of incomplete typedef ‘List’
   84 |   void* dato = L->data[L->size - 1];
      |                         ^~
arraylist.c:85:4: error: invalid use of incomplete typedef ‘List’
   85 |   L->size--;
      |    ^~
arraylist.c: In function ‘popCurrent’:
arraylist.c:90:7: error: invalid use of incomplete typedef ‘List’
   90 |   if(L->size == 0) {
      |       ^~
arraylist.c:93:17: error: invalid use of incomplete typedef ‘List’
   93 |   void* dato = L->data[L->current];
      |                 ^~
arraylist.c:93:25: error: invalid use of incomplete typedef ‘List’
   93 |   void* dato = L->data[L->current];
      |                         ^~
arraylist.c:94:16: error: invalid use of incomplete typedef ‘List’
   94 |   for(int i = L->current; i < L->size - 1; i++) {
      |                ^~
arraylist.c:94:32: error: invalid use of incomplete typedef ‘List’
   94 |   for(int i = L->current; i < L->size - 1; i++) {
      |                                ^~
arraylist.c:95:6: error: invalid use of incomplete typedef ‘List’
   95 |     L->data[i] = L->data[i + 1];
      |      ^~
arraylist.c:95:19: error: invalid use of incomplete typedef ‘List’
   95 |     L->data[i] = L->data[i + 1];
      |                   ^~
arraylist.c:97:4: error: invalid use of incomplete typedef ‘List’
   97 |   L->size--;
      |    ^~
arraylist.c:98:4: error: invalid use of incomplete typedef ‘List’
   98 |   L->current--;
      |    ^~
arraylist.c: In function ‘get_size’:
arraylist.c:103:11: error: invalid use of incomplete typedef ‘List’
  103 |   return L->size;
      |           ^~
test.c: In function ‘parentesisBalanceados’:
test.c:253:5: error: ‘main’ is normally a non-static function [-Werror=main]
  253 | int main( int argc, char *argv[] ) {
      |     ^~~~
test.c:271:1: error: expected declaration or statement at end of input
  271 | }
      | ^
test.c:272: error: control reaches end of non-void function [-Werror=return-type]
In file included from test.c:6:
arraylist.c: In function ‘first’:
arraylist.c:27:1: error: control reaches end of non-void function [-Werror=return-type]
   27 | }
      | ^
At top level:
test.c:253:5: error: ‘main’ defined but not used [-Werror=unused-function]
  253 | int main( int argc, char *argv[] ) {
      |     ^~~~
test.c:37:6: error: ‘info_msg’ defined but not used [-Werror=unused-function]
   37 | void info_msg(char* msg){
      |      ^~~~~~~~
In file included from test.c:6:
arraylist.c:102:5: error: ‘get_size’ defined but not used [-Werror=unused-function]
  102 | int get_size(List *L) {
      |     ^~~~~~~~
arraylist.c:89:7: error: ‘popCurrent’ defined but not used [-Werror=unused-function]
   89 | void* popCurrent(List *L) {
      |       ^~~~~~~~~~
arraylist.c:80:7: error: ‘popBack’ defined but not used [-Werror=unused-function]
   80 | void* popBack(List *L) {
      |       ^~~~~~~
arraylist.c:68:7: error: ‘popFront’ defined but not used [-Werror=unused-function]
   68 | void* popFront(List *L) {
      |       ^~~~~~~~
arraylist.c:55:6: error: ‘pushCurrent’ defined but not used [-Werror=unused-function]
   55 | void pushCurrent(List *L, void *dato) {
      |      ^~~~~~~~~~~
arraylist.c:37:6: error: ‘pushFront’ defined but not used [-Werror=unused-function]
   37 | void pushFront(List *L, void *dato) {
      |      ^~~~~~~~~
cc1: all warnings being treated as errors
Compilation failed
5feb86e
Sat 23 Mar 2024 08:51:54 PM UTC: 
 exercises.c | 3 +++
 1 file changed, 3 insertions(+)
In file included from test.c:5:
exercises.c: In function ‘parentesisBalanceados’:
exercises.c:128:29: error: suggest parentheses around ‘&&’ within ‘||’ [-Werror=parentheses]
  128 |         if(*elemento == '{' && cadena[i] == '}' ||
      |            ~~~~~~~~~~~~~~~~~^~~~~~~~~~~~~~~~~~~
exercises.c:130:28: error: suggest parentheses around ‘&&’ within ‘||’ [-Werror=parentheses]
  130 |           *elemento == '[' && cadena[i] == ']')
      |           ~~~~~~~~~~~~~~~~~^~~~~~~~~~~~~~~~~~~
exercises.c:141:1: error: control reaches end of non-void function [-Werror=return-type]
  141 | }
      | ^
cc1: all warnings being treated as errors
Compilation failed
7ac5ee9
Sat 23 Mar 2024 08:52:28 PM UTC: 
 exercises.c | 6 ++++++
 1 file changed, 6 insertions(+)
In file included from test.c:5:
exercises.c: In function ‘parentesisBalanceados’:
exercises.c:128:29: error: suggest parentheses around ‘&&’ within ‘||’ [-Werror=parentheses]
  128 |         if(*elemento == '{' && cadena[i] == '}' ||
      |            ~~~~~~~~~~~~~~~~~^~~~~~~~~~~~~~~~~~~
exercises.c:130:28: error: suggest parentheses around ‘&&’ within ‘||’ [-Werror=parentheses]
  130 |           *elemento == '[' && cadena[i] == ']')
      |           ~~~~~~~~~~~~~~~~~^~~~~~~~~~~~~~~~~~~
exercises.c: At top level:
exercises.c:147:1: error: expected identifier or ‘(’ before ‘}’ token
  147 | }
      | ^
cc1: all warnings being treated as errors
Compilation failed
0581b52
Sat 23 Mar 2024 08:53:02 PM UTC: 
 exercises.c | 2 --
 1 file changed, 2 deletions(-)
In file included from test.c:5:
exercises.c: In function ‘parentesisBalanceados’:
exercises.c:128:29: error: suggest parentheses around ‘&&’ within ‘||’ [-Werror=parentheses]
  128 |         if(*elemento == '{' && cadena[i] == '}' ||
      |            ~~~~~~~~~~~~~~~~~^~~~~~~~~~~~~~~~~~~
exercises.c:130:28: error: suggest parentheses around ‘&&’ within ‘||’ [-Werror=parentheses]
  130 |           *elemento == '[' && cadena[i] == ']')
      |           ~~~~~~~~~~~~~~~~~^~~~~~~~~~~~~~~~~~~
cc1: all warnings being treated as errors
Compilation failed
747a3fe
Sat 23 Mar 2024 08:57:18 PM UTC: 
 exercises.c | 4 ++--
 1 file changed, 2 insertions(+), 2 deletions(-)
In file included from test.c:5:
exercises.c: In function ‘parentesisBalanceados’:
exercises.c:128:29: error: suggest parentheses around ‘&&’ within ‘||’ [-Werror=parentheses]
  128 |         if(*elemento == '{' && cadena[i] == '}' ||
      |            ~~~~~~~~~~~~~~~~~^~~~~~~~~~~~~~~~~~~
exercises.c:130:28: error: suggest parentheses around ‘&&’ within ‘||’ [-Werror=parentheses]
  130 |           *elemento == '[' && cadena[i] == ']')
      |           ~~~~~~~~~~~~~~~~~^~~~~~~~~~~~~~~~~~~
cc1: all warnings being treated as errors
Compilation failed
81a5098
Sat 23 Mar 2024 08:57:35 PM UTC: 
 exercises.c | 6 +++---
 1 file changed, 3 insertions(+), 3 deletions(-)
In file included from test.c:5:
exercises.c: In function ‘parentesisBalanceados’:
exercises.c:128:29: error: suggest parentheses around ‘&&’ within ‘||’ [-Werror=parentheses]
  128 |         if(*elemento == '{' && cadena[i] == '}' ||
      |            ~~~~~~~~~~~~~~~~~^~~~~~~~~~~~~~~~~~~
exercises.c:130:28: error: suggest parentheses around ‘&&’ within ‘||’ [-Werror=parentheses]
  130 |           *elemento == '[' && cadena[i] == ']')
      |           ~~~~~~~~~~~~~~~~~^~~~~~~~~~~~~~~~~~~
cc1: all warnings being treated as errors
Compilation failed
06300b0
Sat 23 Mar 2024 08:57:42 PM UTC: 
 exercises.c | 2 +-
 1 file changed, 1 insertion(+), 1 deletion(-)
In file included from test.c:5:
exercises.c: In function ‘parentesisBalanceados’:
exercises.c:128:29: error: suggest parentheses around ‘&&’ within ‘||’ [-Werror=parentheses]
  128 |         if(*elemento == '{' && cadena[i] == '}' ||
      |            ~~~~~~~~~~~~~~~~~^~~~~~~~~~~~~~~~~~~
exercises.c:130:28: error: suggest parentheses around ‘&&’ within ‘||’ [-Werror=parentheses]
  130 |           *elemento == '[' && cadena[i] == ']')
      |           ~~~~~~~~~~~~~~~~~^~~~~~~~~~~~~~~~~~~
cc1: all warnings being treated as errors
Compilation failed
7fb05a5
Sat 23 Mar 2024 08:58:55 PM UTC: 
 exercises.c | 6 +++---
 1 file changed, 3 insertions(+), 3 deletions(-)
In file included from test.c:5:
exercises.c: In function ‘parentesisBalanceados’:
exercises.c:128:29: error: suggest parentheses around ‘&&’ within ‘||’ [-Werror=parentheses]
  128 |         if(*elemento == '{' && cadena[i] == '}' ||
      |            ~~~~~~~~~~~~~~~~~^~~~~~~~~~~~~~~~~~~
exercises.c:130:28: error: suggest parentheses around ‘&&’ within ‘||’ [-Werror=parentheses]
  130 |           *elemento == '[' && cadena[i] == ']')
      |           ~~~~~~~~~~~~~~~~~^~~~~~~~~~~~~~~~~~~
cc1: all warnings being treated as errors
Compilation failed
3a25fe8
Sat 23 Mar 2024 08:59:06 PM UTC: 
 exercises.c | 2 +-
 1 file changed, 1 insertion(+), 1 deletion(-)
In file included from test.c:5:
exercises.c: In function ‘parentesisBalanceados’:
exercises.c:128:29: error: suggest parentheses around ‘&&’ within ‘||’ [-Werror=parentheses]
  128 |         if(*elemento == '{' && cadena[i] == '}' ||
      |            ~~~~~~~~~~~~~~~~~^~~~~~~~~~~~~~~~~~~
exercises.c:130:28: error: suggest parentheses around ‘&&’ within ‘||’ [-Werror=parentheses]
  130 |           *elemento == '[' && cadena[i] == ']')
      |           ~~~~~~~~~~~~~~~~~^~~~~~~~~~~~~~~~~~~
cc1: all warnings being treated as errors
Compilation failed
c73c9ec
Sat 23 Mar 2024 08:59:15 PM UTC: 
 exercises.c | 4 ++--
 1 file changed, 2 insertions(+), 2 deletions(-)
In file included from test.c:5:
exercises.c: In function ‘parentesisBalanceados’:
exercises.c:128:29: error: suggest parentheses around ‘&&’ within ‘||’ [-Werror=parentheses]
  128 |         if(*elemento == '{' && cadena[i] == '}' ||
      |            ~~~~~~~~~~~~~~~~~^~~~~~~~~~~~~~~~~~~
exercises.c:130:28: error: suggest parentheses around ‘&&’ within ‘||’ [-Werror=parentheses]
  130 |           *elemento == '[' && cadena[i] == ']')
      |           ~~~~~~~~~~~~~~~~~^~~~~~~~~~~~~~~~~~~
cc1: all warnings being treated as errors
Compilation failed
bbf3d27
Sat 23 Mar 2024 09:02:56 PM UTC: 
 exercises.c | 2 +-
 1 file changed, 1 insertion(+), 1 deletion(-)
In file included from test.c:5:
exercises.c: In function ‘parentesisBalanceados’:
exercises.c:128:29: error: suggest parentheses around ‘&&’ within ‘||’ [-Werror=parentheses]
  128 |         if(*elemento == '{' && cadena[i] == '}' ||
      |            ~~~~~~~~~~~~~~~~~^~~~~~~~~~~~~~~~~~~
exercises.c:130:28: error: suggest parentheses around ‘&&’ within ‘||’ [-Werror=parentheses]
  130 |           *elemento == '[' && cadena[i] == ']')
      |           ~~~~~~~~~~~~~~~~~^~~~~~~~~~~~~~~~~~~
cc1: all warnings being treated as errors
Compilation failed
50424cd
Sat 23 Mar 2024 09:03:09 PM UTC: 
 exercises.c | 2 +-
 1 file changed, 1 insertion(+), 1 deletion(-)
In file included from test.c:5:
exercises.c: In function ‘parentesisBalanceados’:
exercises.c:128:29: error: suggest parentheses around ‘&&’ within ‘||’ [-Werror=parentheses]
  128 |         if(*elemento == '{' && cadena[i] == '}' ||
      |            ~~~~~~~~~~~~~~~~~^~~~~~~~~~~~~~~~~~~
exercises.c:130:28: error: suggest parentheses around ‘&&’ within ‘||’ [-Werror=parentheses]
  130 |           *elemento == '[' && cadena[i] == ']')
      |           ~~~~~~~~~~~~~~~~~^~~~~~~~~~~~~~~~~~~
cc1: all warnings being treated as errors
Compilation failed
d9e88df
Sat 23 Mar 2024 09:06:05 PM UTC: 
 exercises.c | 2 +-
 1 file changed, 1 insertion(+), 1 deletion(-)
In file included from test.c:5:
exercises.c: In function ‘parentesisBalanceados’:
exercises.c:126:35: error: passing argument 1 of ‘malloc’ makes integer from pointer without a cast [-Werror=int-conversion]
  126 |         elemento = (char*) malloc(pila);
      |                                   ^~~~
      |                                   |
      |                                   Stack * {aka List *}
In file included from test.c:2:
/nix/store/4pqv2mwdn88h7xvsm7a5zplrd8sxzvw0-glibc-2.35-163-dev/include/stdlib.h:540:29: note: expected ‘size_t’ {aka ‘long unsigned int’} but argument is of type ‘Stack *’ {aka ‘List *’}
  540 | extern void *malloc (size_t __size) __THROW __attribute_malloc__
      |                      ~~~~~~~^~~~~~
In file included from test.c:5:
exercises.c:128:29: error: suggest parentheses around ‘&&’ within ‘||’ [-Werror=parentheses]
  128 |         if(*elemento == '{' && cadena[i] == '}' ||
      |            ~~~~~~~~~~~~~~~~~^~~~~~~~~~~~~~~~~~~
exercises.c:130:28: error: suggest parentheses around ‘&&’ within ‘||’ [-Werror=parentheses]
  130 |           *elemento == '[' && cadena[i] == ']')
      |           ~~~~~~~~~~~~~~~~~^~~~~~~~~~~~~~~~~~~
exercises.c:128:12: error: ‘*elemento’ may be used uninitialized [-Werror=maybe-uninitialized]
  128 |         if(*elemento == '{' && cadena[i] == '}' ||
      |            ^~~~~~~~~
cc1: all warnings being treated as errors
Compilation failed
243d07e
Sat 23 Mar 2024 09:06:57 PM UTC: 
 exercises.c | 2 +-
 1 file changed, 1 insertion(+), 1 deletion(-)
In file included from test.c:5:
exercises.c: In function ‘parentesisBalanceados’:
exercises.c:128:29: error: suggest parentheses around ‘&&’ within ‘||’ [-Werror=parentheses]
  128 |         if(*elemento == '{' && cadena[i] == '}' ||
      |            ~~~~~~~~~~~~~~~~~^~~~~~~~~~~~~~~~~~~
exercises.c:130:28: error: suggest parentheses around ‘&&’ within ‘||’ [-Werror=parentheses]
  130 |           *elemento == '[' && cadena[i] == ']')
      |           ~~~~~~~~~~~~~~~~~^~~~~~~~~~~~~~~~~~~
cc1: all warnings being treated as errors
Compilation failed
e883fe3
Sat 23 Mar 2024 09:11:05 PM UTC: 
 exercises.c | 6 +++---
 1 file changed, 3 insertions(+), 3 deletions(-)
 tests:  8|1
total_score: 60/70
2c55eaf
Sat 23 Mar 2024 09:40:15 PM UTC: 
 exercises.c | 21 ++++++++++++++++++++-
 1 file changed, 20 insertions(+), 1 deletion(-)
In file included from test.c:5:
exercises.c: In function ‘copia_pila’:
exercises.c:105:3: error: unknown type name ‘pila’
  105 |   pila * P2 = crea_pila();
      |   ^~~~
exercises.c:105:10: error: ‘P2’ redeclared as different kind of symbol
  105 |   pila * P2 = crea_pila();
      |          ^~
exercises.c:103:35: note: previous definition of ‘P2’ with type ‘Stack *’ {aka ‘List *’}
  103 | void copia_pila(Stack* P1, Stack* P2)
      |                            ~~~~~~~^~
exercises.c:105:15: error: implicit declaration of function ‘crea_pila’; did you mean ‘copia_pila’? [-Werror=implicit-function-declaration]
  105 |   pila * P2 = crea_pila();
      |               ^~~~~~~~~
      |               copia_pila
exercises.c:105:15: error: initialization of ‘int *’ from ‘int’ makes pointer from integer without a cast [-Werror=int-conversion]
exercises.c:106:3: error: unknown type name ‘pila’
  106 |   pila * pila_aux = crea_pila();
      |   ^~~~
exercises.c:106:21: error: initialization of ‘int *’ from ‘int’ makes pointer from integer without a cast [-Werror=int-conversion]
  106 |   pila * pila_aux = crea_pila();
      |                     ^~~~~~~~~
exercises.c:110:20: error: initialization of ‘int’ from ‘void *’ makes integer from pointer without a cast [-Werror=int-conversion]
  110 |     int elemento = top(P1);
      |                    ^~~
exercises.c:111:10: error: passing argument 1 of ‘push’ from incompatible pointer type [-Werror=incompatible-pointer-types]
  111 |     push(pila_aux, elemento);
      |          ^~~~~~~~
      |          |
      |          int *
In file included from exercises.c:7,
                 from test.c:5:
stack.h:11:18: note: expected ‘Stack *’ {aka ‘List *’} but argument is of type ‘int *’
   11 | void push(Stack *stack, void *data) { pushFront(stack, data); }
      |           ~~~~~~~^~~~~
In file included from test.c:5:
exercises.c:111:20: error: passing argument 2 of ‘push’ makes pointer from integer without a cast [-Werror=int-conversion]
  111 |     push(pila_aux, elemento);
      |                    ^~~~~~~~
      |                    |
      |                    int
In file included from exercises.c:7,
                 from test.c:5:
stack.h:11:31: note: expected ‘void *’ but argument is of type ‘int’
   11 | void push(Stack *stack, void *data) { pushFront(stack, data); }
      |                         ~~~~~~^~~~
In file included from test.c:5:
exercises.c:114:14: error: passing argument 1 of ‘top’ from incompatible pointer type [-Werror=incompatible-pointer-types]
  114 |   while (top(pila_aux) != NULL){
      |              ^~~~~~~~
      |              |
      |              int *
In file included from exercises.c:7,
                 from test.c:5:
stack.h:14:18: note: expected ‘Stack *’ {aka ‘List *’} but argument is of type ‘int *’
   14 | void *top(Stack *stack) { return first(stack); }
      |           ~~~~~~~^~~~~
In file included from test.c:5:
exercises.c:115:24: error: passing argument 1 of ‘top’ from incompatible pointer type [-Werror=incompatible-pointer-types]
  115 |     int elemento = top(pila_aux);
      |                        ^~~~~~~~
      |                        |
      |                        int *
In file included from exercises.c:7,
                 from test.c:5:
stack.h:14:18: note: expected ‘Stack *’ {aka ‘List *’} but argument is of type ‘int *’
   14 | void *top(Stack *stack) { return first(stack); }
      |           ~~~~~~~^~~~~
In file included from test.c:5:
exercises.c:115:20: error: initialization of ‘int’ from ‘void *’ makes integer from pointer without a cast [-Werror=int-conversion]
  115 |     int elemento = top(pila_aux);
      |                    ^~~
exercises.c:116:14: error: passing argument 2 of ‘push’ makes pointer from integer without a cast [-Werror=int-conversion]
  116 |     push(P1, elemento);
      |              ^~~~~~~~
      |              |
      |              int
In file included from exercises.c:7,
                 from test.c:5:
stack.h:11:31: note: expected ‘void *’ but argument is of type ‘int’
   11 | void push(Stack *stack, void *data) { pushFront(stack, data); }
      |                         ~~~~~~^~~~
In file included from test.c:5:
exercises.c:117:10: error: passing argument 1 of ‘push’ from incompatible pointer type [-Werror=incompatible-pointer-types]
  117 |     push(P2, elemento);
      |          ^~
      |          |
      |          int *
In file included from exercises.c:7,
                 from test.c:5:
stack.h:11:18: note: expected ‘Stack *’ {aka ‘List *’} but argument is of type ‘int *’
   11 | void push(Stack *stack, void *data) { pushFront(stack, data); }
      |           ~~~~~~~^~~~~
In file included from test.c:5:
exercises.c:117:14: error: passing argument 2 of ‘push’ makes pointer from integer without a cast [-Werror=int-conversion]
  117 |     push(P2, elemento);
      |              ^~~~~~~~
      |              |
      |              int
In file included from exercises.c:7,
                 from test.c:5:
stack.h:11:31: note: expected ‘void *’ but argument is of type ‘int’
   11 | void push(Stack *stack, void *data) { pushFront(stack, data); }
      |                         ~~~~~~^~~~
In file included from test.c:5:
exercises.c:118:9: error: passing argument 1 of ‘pop’ from incompatible pointer type [-Werror=incompatible-pointer-types]
  118 |     pop(pila_aux);
      |         ^~~~~~~~
      |         |
      |         int *
In file included from exercises.c:7,
                 from test.c:5:
stack.h:17:18: note: expected ‘Stack *’ {aka ‘List *’} but argument is of type ‘int *’
   17 | void *pop(Stack *stack) { return popFront(stack); }
      |           ~~~~~~~^~~~~
In file included from test.c:5:
exercises.c:122:10: error: ‘return’ with a value, in function returning void [-Werror=return-type]
  122 |   return P2;
      |          ^~
exercises.c:103:6: note: declared here
  103 | void copia_pila(Stack* P1, Stack* P2)
      |      ^~~~~~~~~~
cc1: all warnings being treated as errors
Compilation failed
b50cbb8
